This is XeTeX, Version 3.141592653-2.6-0.999995 (TeX Live 2023) (preloaded format=xelatex 2023.3.31)  31 MAR 2023 12:09
entering extended mode
 restricted \write18 enabled.
 %&-line parsing enabled.
**cogfoundations.tex
(./cogfoundations.tex
LaTeX2e <2022-11-01> patch level 1
L3 programming layer <2023-03-30> (./krantz.cls
Document Class: krantz 2005/09/16 v1.4f Standard LaTeX document class
(/Users/celestepilegard/Library/TinyTeX/texmf-dist/tex/latex/base/bk10.clo
File: bk10.clo 2022/07/02 v1.4n Standard LaTeX file (size option)
)
\trimheight=\dimen140
\trimwidth=\dimen141
\normaltextheight=\dimen142
\tempa=\dimen143
\tempdimen=\dimen144
\htrim=\dimen145
\vtrimtop=\dimen146
\vtrimbot=\dimen147
\ul@box=\box51
\ur@box=\box52
\ll@box=\box53
\lr@box=\box54
\@cipboxa=\box55
\@cipboxb=\box56
\@ciprulewidth=\dimen148
\c@part=\count181
\c@chapter=\count182
\c@section=\count183
\c@subsection=\count184
\c@subsubsection=\count185
\c@paragraph=\count186
\c@subparagraph=\count187
\secwd=\dimen149
\subsecwd=\dimen150
\subsubsecwd=\dimen151
\c@figure=\count188
\c@table=\count189
\abovecaptionskip=\skip48
\belowcaptionskip=\skip49
\c@numauthors=\count190
\section@toc@skip=\skip50
\SectionTOCWidth=\skip51
\subsection@toc@skip=\skip52
\SubSectionTOCWidth=\skip53
\subsubsection@toc@skip=\skip54
\SubSubSectionTOCWidth=\skip55
\paragraph@toc@skip=\skip56
\ParagraphTOCWidth=\skip57
\subparagraph@toc@skip=\skip58
\@AUonebox=\box57
\@AUtwobox=\box58
\@AUthreebox=\box59
\@AUfourbox=\box60
\@AUaffonebox=\box61
\@AUafftwobox=\box62
\@AUaffthreebox=\box63
\@AUafffourbox=\box64
\@finalAUboxfromone=\box65
\@finalAUboxfromtwo=\box66
\@finalAUboxfromthree=\box67
\@finalAUboxfromfour=\box68
\c@chaptocdepth=\count191
\bibindent=\dimen152
\tempbox=\box69
\nomenwidth=\dimen153
\@tablebox=\box70
\@tabletitlebox=\box71
\@tablewidth=\dimen154
\@tabletitlewidth=\dimen155
\max@tablewidth=\dimen156
\tempbox=\box72
\tempdimen=\dimen157
\tempbox=\box73
\notewidth=\dimen158
\wherebox=\box74
\wherewidth=\dimen159
\listtextleftmargin=\skip59
\listtextleftmarginii=\skip60
\listtextleftmarginiii=\skip61
\listtextrightmargin=\skip62
\listlabelleftskip=\skip63
\listlabelleftskipii=\skip64
\listlabelleftskipiii=\skip65
\abovelistskipi=\skip66
\belowlistskipi=\skip67
\abovelistskipii=\skip68
\belowlistskipii=\skip69
\abovelistskipiii=\skip70
\belowlistskipiii=\skip71
\labelsepi=\skip72
\labelsepii=\skip73
\labelsepiii=\skip74
\itemsepi=\skip75
\itemsepii=\skip76
\itemsepiii=\skip77
\enumdimwd=\dimen160
\enumdim=\dimen161
\concolwidth=\dimen162
\stempbox=\box75
) (/Users/celestepilegard/Library/TinyTeX/texmf-dist/tex/latex/amsmath/amsmath.sty
Package: amsmath 2022/04/08 v2.17n AMS math features
\@mathmargin=\skip78
For additional information on amsmath, use the `?' option.
(/Users/celestepilegard/Library/TinyTeX/texmf-dist/tex/latex/amsmath/amstext.sty
Package: amstext 2021/08/26 v2.01 AMS text
(/Users/celestepilegard/Library/TinyTeX/texmf-dist/tex/latex/amsmath/amsgen.sty
File: amsgen.sty 1999/11/30 v2.0 generic functions
\@emptytoks=\toks16
\ex@=\dimen163
)) (/Users/celestepilegard/Library/TinyTeX/texmf-dist/tex/latex/amsmath/amsbsy.sty
Package: amsbsy 1999/11/29 v1.2d Bold Symbols
\pmbraise@=\dimen164
) (/Users/celestepilegard/Library/TinyTeX/texmf-dist/tex/latex/amsmath/amsopn.sty
Package: amsopn 2022/04/08 v2.04 operator names
)
\inf@bad=\count192
LaTeX Info: Redefining \frac on input line 234.
\uproot@=\count193
\leftroot@=\count194
LaTeX Info: Redefining \overline on input line 399.
LaTeX Info: Redefining \colon on input line 410.
\classnum@=\count195
\DOTSCASE@=\count196
LaTeX Info: Redefining \ldots on input line 496.
LaTeX Info: Redefining \dots on input line 499.
LaTeX Info: Redefining \cdots on input line 620.
\Mathstrutbox@=\box76
\strutbox@=\box77
LaTeX Info: Redefining \big on input line 722.
LaTeX Info: Redefining \Big on input line 723.
LaTeX Info: Redefining \bigg on input line 724.
LaTeX Info: Redefining \Bigg on input line 725.
\big@size=\dimen165
LaTeX Font Info:    Redeclaring font encoding OML on input line 743.
LaTeX Font Info:    Redeclaring font encoding OMS on input line 744.
\macc@depth=\count197
LaTeX Info: Redefining \bmod on input line 905.
LaTeX Info: Redefining \pmod on input line 910.
LaTeX Info: Redefining \smash on input line 940.
LaTeX Info: Redefining \relbar on input line 970.
LaTeX Info: Redefining \Relbar on input line 971.
\c@MaxMatrixCols=\count198
\dotsspace@=\muskip16
\c@parentequation=\count199
\dspbrk@lvl=\count266
\tag@help=\toks17
\row@=\count267
\column@=\count268
\maxfields@=\count269
\andhelp@=\toks18
\eqnshift@=\dimen166
\alignsep@=\dimen167
\tagshift@=\dimen168
\tagwidth@=\dimen169
\totwidth@=\dimen170
\lineht@=\dimen171
\@envbody=\toks19
\multlinegap=\skip79
\multlinetaggap=\skip80
\mathdisplay@stack=\toks20
LaTeX Info: Redefining \[ on input line 2953.
LaTeX Info: Redefining \] on input line 2954.
) (/Users/celestepilegard/Library/TinyTeX/texmf-dist/tex/latex/amsfonts/amssymb.sty
Package: amssymb 2013/01/14 v3.01 AMS font symbols
(/Users/celestepilegard/Library/TinyTeX/texmf-dist/tex/latex/amsfonts/amsfonts.sty
Package: amsfonts 2013/01/14 v3.01 Basic AMSFonts support
\symAMSa=\mathgroup4
\symAMSb=\mathgroup5
LaTeX Font Info:    Redeclaring math symbol \hbar on input line 98.
LaTeX Font Info:    Overwriting math alphabet `\mathfrak' in version `bold'
(Font)                  U/euf/m/n --> U/euf/b/n on input line 106.
)) (/Users/celestepilegard/Library/TinyTeX/texmf-dist/tex/latex/lm/lmodern.sty
Package: lmodern 2015/05/01 v1.6.1 Latin Modern Fonts
LaTeX Font Info:    Overwriting symbol font `operators' in version `normal'
(Font)                  OT1/cmr/m/n --> OT1/lmr/m/n on input line 22.
LaTeX Font Info:    Overwriting symbol font `letters' in version `normal'
(Font)                  OML/cmm/m/it --> OML/lmm/m/it on input line 23.
LaTeX Font Info:    Overwriting symbol font `symbols' in version `normal'
(Font)                  OMS/cmsy/m/n --> OMS/lmsy/m/n on input line 24.
LaTeX Font Info:    Overwriting symbol font `largesymbols' in version `normal'
(Font)                  OMX/cmex/m/n --> OMX/lmex/m/n on input line 25.
LaTeX Font Info:    Overwriting symbol font `operators' in version `bold'
(Font)                  OT1/cmr/bx/n --> OT1/lmr/bx/n on input line 26.
LaTeX Font Info:    Overwriting symbol font `letters' in version `bold'
(Font)                  OML/cmm/b/it --> OML/lmm/b/it on input line 27.
LaTeX Font Info:    Overwriting symbol font `symbols' in version `bold'
(Font)                  OMS/cmsy/b/n --> OMS/lmsy/b/n on input line 28.
LaTeX Font Info:    Overwriting symbol font `largesymbols' in version `bold'
(Font)                  OMX/cmex/m/n --> OMX/lmex/m/n on input line 29.
LaTeX Font Info:    Overwriting math alphabet `\mathbf' in version `normal'
(Font)                  OT1/cmr/bx/n --> OT1/lmr/bx/n on input line 31.
LaTeX Font Info:    Overwriting math alphabet `\mathsf' in version `normal'
(Font)                  OT1/cmss/m/n --> OT1/lmss/m/n on input line 32.
LaTeX Font Info:    Overwriting math alphabet `\mathit' in version `normal'
(Font)                  OT1/cmr/m/it --> OT1/lmr/m/it on input line 33.
LaTeX Font Info:    Overwriting math alphabet `\mathtt' in version `normal'
(Font)                  OT1/cmtt/m/n --> OT1/lmtt/m/n on input line 34.
LaTeX Font Info:    Overwriting math alphabet `\mathbf' in version `bold'
(Font)                  OT1/cmr/bx/n --> OT1/lmr/bx/n on input line 35.
LaTeX Font Info:    Overwriting math alphabet `\mathsf' in version `bold'
(Font)                  OT1/cmss/bx/n --> OT1/lmss/bx/n on input line 36.
LaTeX Font Info:    Overwriting math alphabet `\mathit' in version `bold'
(Font)                  OT1/cmr/bx/it --> OT1/lmr/bx/it on input line 37.
LaTeX Font Info:    Overwriting math alphabet `\mathtt' in version `bold'
(Font)                  OT1/cmtt/m/n --> OT1/lmtt/m/n on input line 38.
) (/Users/celestepilegard/Library/TinyTeX/texmf-dist/tex/generic/iftex/iftex.sty
Package: iftex 2022/02/03 v1.0f TeX engine tests
) (/Users/celestepilegard/Library/TinyTeX/texmf-dist/tex/latex/unicode-math/unicode-math.sty (/Users/celestepilegard/Library/TinyTeX/texmf-dist/tex/latex/l3kernel/expl3.sty
Package: expl3 2023-03-30 L3 programming layer (loader) 
(/Users/celestepilegard/Library/TinyTeX/texmf-dist/tex/latex/l3backend/l3backend-xetex.def
File: l3backend-xetex.def 2023-03-30 L3 backend support: XeTeX
\g__graphics_track_int=\count270
\l__pdf_internal_box=\box78
\g__pdf_backend_object_int=\count271
\g__pdf_backend_annotation_int=\count272
\g__pdf_backend_link_int=\count273
))
Package: unicode-math 2020/01/31 v0.8q Unicode maths in XeLaTeX and LuaLaTeX
(/Users/celestepilegard/Library/TinyTeX/texmf-dist/tex/latex/unicode-math/unicode-math-xetex.sty
Package: unicode-math-xetex 2020/01/31 v0.8q Unicode maths in XeLaTeX and LuaLaTeX
(/Users/celestepilegard/Library/TinyTeX/texmf-dist/tex/latex/l3packages/xparse/xparse.sty
Package: xparse 2023-02-02 L3 Experimental document command parser
) (/Users/celestepilegard/Library/TinyTeX/texmf-dist/tex/latex/l3packages/l3keys2e/l3keys2e.sty
Package: l3keys2e 2023-02-02 LaTeX2e option processing using LaTeX3 keys
) (/Users/celestepilegard/Library/TinyTeX/texmf-dist/tex/latex/fontspec/fontspec.sty
Package: fontspec 2022/01/15 v2.8a Font selection for XeLaTeX and LuaLaTeX
(/Users/celestepilegard/Library/TinyTeX/texmf-dist/tex/latex/fontspec/fontspec-xetex.sty
Package: fontspec-xetex 2022/01/15 v2.8a Font selection for XeLaTeX and LuaLaTeX
\l__fontspec_script_int=\count274
\l__fontspec_language_int=\count275
\l__fontspec_strnum_int=\count276
\l__fontspec_tmp_int=\count277
\l__fontspec_tmpa_int=\count278
\l__fontspec_tmpb_int=\count279
\l__fontspec_tmpc_int=\count280
\l__fontspec_em_int=\count281
\l__fontspec_emdef_int=\count282
\l__fontspec_strong_int=\count283
\l__fontspec_strongdef_int=\count284
\l__fontspec_tmpa_dim=\dimen172
\l__fontspec_tmpb_dim=\dimen173
\l__fontspec_tmpc_dim=\dimen174
(/Users/celestepilegard/Library/TinyTeX/texmf-dist/tex/latex/base/fontenc.sty
Package: fontenc 2021/04/29 v2.0v Standard LaTeX package
) (/Users/celestepilegard/Library/TinyTeX/texmf-dist/tex/latex/fontspec/fontspec.cfg))) (/Users/celestepilegard/Library/TinyTeX/texmf-dist/tex/latex/base/fix-cm.sty
Package: fix-cm 2020/11/24 v1.1t fixes to LaTeX
(/Users/celestepilegard/Library/TinyTeX/texmf-dist/tex/latex/base/ts1enc.def
File: ts1enc.def 2001/06/05 v3.0e (jk/car/fm) Standard LaTeX file
LaTeX Font Info:    Redeclaring font encoding TS1 on input line 47.
))
\g__um_fam_int=\count285
\g__um_fonts_used_int=\count286
\l__um_primecount_int=\count287
\g__um_primekern_muskip=\muskip17
(/Users/celestepilegard/Library/TinyTeX/texmf-dist/tex/latex/unicode-math/unicode-math-table.tex))) (/Users/celestepilegard/Library/TinyTeX/texmf-dist/tex/latex/xcolor/xcolor.sty
Package: xcolor 2022/06/12 v2.14 LaTeX color extensions (UK)
(/Users/celestepilegard/Library/TinyTeX/texmf-dist/tex/latex/graphics-cfg/color.cfg
File: color.cfg 2016/01/02 v1.6 sample color configuration
)
Package xcolor Info: Driver file: xetex.def on input line 227.
(/Users/celestepilegard/Library/TinyTeX/texmf-dist/tex/latex/graphics-def/xetex.def
File: xetex.def 2022/09/22 v5.0n Graphics/color driver for xetex
) (/Users/celestepilegard/Library/TinyTeX/texmf-dist/tex/latex/graphics/mathcolor.ltx)
Package xcolor Info: Model `cmy' substituted by `cmy0' on input line 1353.
Package xcolor Info: Model `RGB' extended on input line 1369.
Package xcolor Info: Model `HTML' substituted by `rgb' on input line 1371.
Package xcolor Info: Model `Hsb' substituted by `hsb' on input line 1372.
Package xcolor Info: Model `tHsb' substituted by `hsb' on input line 1373.
Package xcolor Info: Model `HSB' substituted by `hsb' on input line 1374.
Package xcolor Info: Model `Gray' substituted by `gray' on input line 1375.
Package xcolor Info: Model `wave' substituted by `hsb' on input line 1376.
) (/Users/celestepilegard/Library/TinyTeX/texmf-dist/tex/latex/tools/longtable.sty
Package: longtable 2021-09-01 v4.17 Multi-page Table package (DPC)
\LTleft=\skip81
\LTright=\skip82
\LTpre=\skip83
\LTpost=\skip84
\LTchunksize=\count288
\LTcapwidth=\dimen175
\LT@head=\box79
\LT@firsthead=\box80
\LT@foot=\box81
\LT@lastfoot=\box82
\LT@gbox=\box83
\LT@cols=\count289
\LT@rows=\count290
\c@LT@tables=\count291
\c@LT@chunks=\count292
\LT@p@ftn=\toks21
) (/Users/celestepilegard/Library/TinyTeX/texmf-dist/tex/latex/booktabs/booktabs.sty
Package: booktabs 2020/01/12 v1.61803398 Publication quality tables
\heavyrulewidth=\dimen176
\lightrulewidth=\dimen177
\cmidrulewidth=\dimen178
\belowrulesep=\dimen179
\belowbottomsep=\dimen180
\aboverulesep=\dimen181
\abovetopsep=\dimen182
\cmidrulesep=\dimen183
\cmidrulekern=\dimen184
\defaultaddspace=\dimen185
\@cmidla=\count293
\@cmidlb=\count294
\@aboverulesep=\dimen186
\@belowrulesep=\dimen187
\@thisruleclass=\count295
\@lastruleclass=\count296
\@thisrulewidth=\dimen188
) (/Users/celestepilegard/Library/TinyTeX/texmf-dist/tex/latex/tools/array.sty
Package: array 2022/09/04 v2.5g Tabular extension package (FMi)
\col@sep=\dimen189
\ar@mcellbox=\box84
\extrarowheight=\dimen190
\NC@list=\toks22
\extratabsurround=\skip85
\backup@length=\skip86
\ar@cellbox=\box85
) (/Users/celestepilegard/Library/TinyTeX/texmf-dist/tex/latex/tools/calc.sty
Package: calc 2017/05/25 v4.3 Infix arithmetic (KKT,FJ)
\calc@Acount=\count297
\calc@Bcount=\count298
\calc@Adimen=\dimen191
\calc@Bdimen=\dimen192
\calc@Askip=\skip87
\calc@Bskip=\skip88
LaTeX Info: Redefining \setlength on input line 80.
LaTeX Info: Redefining \addtolength on input line 81.
\calc@Ccount=\count299
\calc@Cskip=\skip89
) (/Users/celestepilegard/Library/TinyTeX/texmf-dist/tex/latex/etoolbox/etoolbox.sty
Package: etoolbox 2020/10/05 v2.5k e-TeX tools for LaTeX (JAW)
\etb@tempcnta=\count300
) (/Users/celestepilegard/Library/TinyTeX/texmf-dist/tex/latex/mdwtools/footnote.sty
Package: footnote 1997/01/28 1.13 Save footnotes around boxes
\fn@notes=\box86
\fn@width=\dimen193
) (/Users/celestepilegard/Library/TinyTeX/texmf-dist/tex/latex/graphics/graphicx.sty
Package: graphicx 2021/09/16 v1.2d Enhanced LaTeX Graphics (DPC,SPQR)
(/Users/celestepilegard/Library/TinyTeX/texmf-dist/tex/latex/graphics/keyval.sty
Package: keyval 2022/05/29 v1.15 key=value parser (DPC)
\KV@toks@=\toks23
) (/Users/celestepilegard/Library/TinyTeX/texmf-dist/tex/latex/graphics/graphics.sty
Package: graphics 2022/03/10 v1.4e Standard LaTeX Graphics (DPC,SPQR)
(/Users/celestepilegard/Library/TinyTeX/texmf-dist/tex/latex/graphics/trig.sty
Package: trig 2021/08/11 v1.11 sin cos tan (DPC)
) (/Users/celestepilegard/Library/TinyTeX/texmf-dist/tex/latex/graphics-cfg/graphics.cfg
File: graphics.cfg 2016/06/04 v1.11 sample graphics configuration
)
Package graphics Info: Driver file: xetex.def on input line 107.
)
\Gin@req@height=\dimen194
\Gin@req@width=\dimen195
)
\cslhangindent=\skip90
\csllabelwidth=\skip91
\cslentryspacingunit=\skip92
(/Users/celestepilegard/Library/TinyTeX/texmf-dist/tex/latex/hyperref/hyperref.sty
Package: hyperref 2023-02-07 v7.00v Hypertext links for LaTeX
(/Users/celestepilegard/Library/TinyTeX/texmf-dist/tex/generic/ltxcmds/ltxcmds.sty
Package: ltxcmds 2020-05-10 v1.25 LaTeX kernel commands for general use (HO)
) (/Users/celestepilegard/Library/TinyTeX/texmf-dist/tex/generic/pdftexcmds/pdftexcmds.sty
Package: pdftexcmds 2020-06-27 v0.33 Utility functions of pdfTeX for LuaTeX (HO)
(/Users/celestepilegard/Library/TinyTeX/texmf-dist/tex/generic/infwarerr/infwarerr.sty
Package: infwarerr 2019/12/03 v1.5 Providing info/warning/error messages (HO)
)
Package pdftexcmds Info: \pdf@primitive is available.
Package pdftexcmds Info: \pdf@ifprimitive is available.
Package pdftexcmds Info: \pdfdraftmode not found.
) (/Users/celestepilegard/Library/TinyTeX/texmf-dist/tex/latex/kvsetkeys/kvsetkeys.sty
Package: kvsetkeys 2022-10-05 v1.19 Key value parser (HO)
) (/Users/celestepilegard/Library/TinyTeX/texmf-dist/tex/generic/kvdefinekeys/kvdefinekeys.sty
Package: kvdefinekeys 2019-12-19 v1.6 Define keys (HO)
) (/Users/celestepilegard/Library/TinyTeX/texmf-dist/tex/generic/pdfescape/pdfescape.sty
Package: pdfescape 2019/12/09 v1.15 Implements pdfTeX's escape features (HO)
) (/Users/celestepilegard/Library/TinyTeX/texmf-dist/tex/latex/hycolor/hycolor.sty
Package: hycolor 2020-01-27 v1.10 Color options for hyperref/bookmark (HO)
) (/Users/celestepilegard/Library/TinyTeX/texmf-dist/tex/latex/letltxmacro/letltxmacro.sty
Package: letltxmacro 2019/12/03 v1.6 Let assignment for LaTeX macros (HO)
) (/Users/celestepilegard/Library/TinyTeX/texmf-dist/tex/latex/auxhook/auxhook.sty
Package: auxhook 2019-12-17 v1.6 Hooks for auxiliary files (HO)
) (/Users/celestepilegard/Library/TinyTeX/texmf-dist/tex/latex/hyperref/nameref.sty
Package: nameref 2022-05-17 v2.50 Cross-referencing by name of section
(/Users/celestepilegard/Library/TinyTeX/texmf-dist/tex/latex/refcount/refcount.sty
Package: refcount 2019/12/15 v3.6 Data extraction from label references (HO)
) (/Users/celestepilegard/Library/TinyTeX/texmf-dist/tex/generic/gettitlestring/gettitlestring.sty
Package: gettitlestring 2019/12/15 v1.6 Cleanup title references (HO)
(/Users/celestepilegard/Library/TinyTeX/texmf-dist/tex/latex/kvoptions/kvoptions.sty
Package: kvoptions 2022-06-15 v3.15 Key value format for package options (HO)
))
\c@section@level=\count301
)
\@linkdim=\dimen196
\Hy@linkcounter=\count302
\Hy@pagecounter=\count303
(/Users/celestepilegard/Library/TinyTeX/texmf-dist/tex/latex/hyperref/pd1enc.def
File: pd1enc.def 2023-02-07 v7.00v Hyperref: PDFDocEncoding definition (HO)
) (/Users/celestepilegard/Library/TinyTeX/texmf-dist/tex/generic/intcalc/intcalc.sty
Package: intcalc 2019/12/15 v1.3 Expandable calculations with integers (HO)
) (/Users/celestepilegard/Library/TinyTeX/texmf-dist/tex/generic/etexcmds/etexcmds.sty
Package: etexcmds 2019/12/15 v1.7 Avoid name clashes with e-TeX commands (HO)
)
\Hy@SavedSpaceFactor=\count304
(/Users/celestepilegard/Library/TinyTeX/texmf-dist/tex/latex/hyperref/puenc.def
File: puenc.def 2023-02-07 v7.00v Hyperref: PDF Unicode definition (HO)
)
Package hyperref Info: Option `unicode' set `true' on input line 4060.
Package hyperref Info: Hyper figures OFF on input line 4177.
Package hyperref Info: Link nesting OFF on input line 4182.
Package hyperref Info: Hyper index ON on input line 4185.
Package hyperref Info: Plain pages OFF on input line 4192.
Package hyperref Info: Backreferencing OFF on input line 4197.
Package hyperref Info: Implicit mode ON; LaTeX internals redefined.
Package hyperref Info: Bookmarks ON on input line 4425.
\c@Hy@tempcnt=\count305
(/Users/celestepilegard/Library/TinyTeX/texmf-dist/tex/latex/url/url.sty
\Urlmuskip=\muskip18
Package: url 2013/09/16  ver 3.4  Verb mode for urls, etc.
)
LaTeX Info: Redefining \url on input line 4763.
\XeTeXLinkMargin=\dimen197
(/Users/celestepilegard/Library/TinyTeX/texmf-dist/tex/generic/bitset/bitset.sty
Package: bitset 2019/12/09 v1.3 Handle bit-vector datatype (HO)
(/Users/celestepilegard/Library/TinyTeX/texmf-dist/tex/generic/bigintcalc/bigintcalc.sty
Package: bigintcalc 2019/12/15 v1.5 Expandable calculations on big integers (HO)
))
\Fld@menulength=\count306
\Field@Width=\dimen198
\Fld@charsize=\dimen199
Package hyperref Info: Hyper figures OFF on input line 6042.
Package hyperref Info: Link nesting OFF on input line 6047.
Package hyperref Info: Hyper index ON on input line 6050.
Package hyperref Info: backreferencing OFF on input line 6057.
Package hyperref Info: Link coloring OFF on input line 6062.
Package hyperref Info: Link coloring with OCG OFF on input line 6067.
Package hyperref Info: PDF/A mode OFF on input line 6072.
(/Users/celestepilegard/Library/TinyTeX/texmf-dist/tex/latex/base/atbegshi-ltx.sty
Package: atbegshi-ltx 2021/01/10 v1.0c Emulation of the original atbegshi
package with kernel methods
)
\Hy@abspage=\count307
\c@Item=\count308
\c@Hfootnote=\count309
)
Package hyperref Info: Driver (autodetected): hxetex.
(/Users/celestepilegard/Library/TinyTeX/texmf-dist/tex/latex/hyperref/hxetex.def
File: hxetex.def 2023-02-07 v7.00v Hyperref driver for XeTeX
(/Users/celestepilegard/Library/TinyTeX/texmf-dist/tex/generic/stringenc/stringenc.sty
Package: stringenc 2019/11/29 v1.12 Convert strings between diff. encodings (HO)
)
\pdfm@box=\box87
\c@Hy@AnnotLevel=\count310
\HyField@AnnotCount=\count311
\Fld@listcount=\count312
\c@bookmark@seq@number=\count313
(/Users/celestepilegard/Library/TinyTeX/texmf-dist/tex/latex/rerunfilecheck/rerunfilecheck.sty
Package: rerunfilecheck 2022-07-10 v1.10 Rerun checks for auxiliary files (HO)
(/Users/celestepilegard/Library/TinyTeX/texmf-dist/tex/latex/base/atveryend-ltx.sty
Package: atveryend-ltx 2020/08/19 v1.0a Emulation of the original atveryend package
with kernel methods
) (/Users/celestepilegard/Library/TinyTeX/texmf-dist/tex/generic/uniquecounter/uniquecounter.sty
Package: uniquecounter 2019/12/15 v1.4 Provide unlimited unique counter (HO)
)
Package uniquecounter Info: New unique counter `rerunfilecheck' on input line 285.
)
\Hy@SectionHShift=\skip93
) (./cogfoundations.aux)
\openout1 = `cogfoundations.aux'.

LaTeX Font Info:    Checking defaults for OML/cmm/m/it on input line 102.
LaTeX Font Info:    ... okay on input line 102.
LaTeX Font Info:    Checking defaults for OMS/cmsy/m/n on input line 102.
LaTeX Font Info:    ... okay on input line 102.
LaTeX Font Info:    Checking defaults for OT1/cmr/m/n on input line 102.
LaTeX Font Info:    ... okay on input line 102.
LaTeX Font Info:    Checking defaults for T1/cmr/m/n on input line 102.
LaTeX Font Info:    ... okay on input line 102.
LaTeX Font Info:    Checking defaults for TS1/cmr/m/n on input line 102.
LaTeX Font Info:    ... okay on input line 102.
LaTeX Font Info:    Checking defaults for TU/lmr/m/n on input line 102.
LaTeX Font Info:    ... okay on input line 102.
LaTeX Font Info:    Checking defaults for OMX/cmex/m/n on input line 102.
LaTeX Font Info:    ... okay on input line 102.
LaTeX Font Info:    Checking defaults for U/cmr/m/n on input line 102.
LaTeX Font Info:    ... okay on input line 102.
LaTeX Font Info:    Checking defaults for PD1/pdf/m/n on input line 102.
LaTeX Font Info:    ... okay on input line 102.
LaTeX Font Info:    Checking defaults for PU/pdf/m/n on input line 102.
LaTeX Font Info:    ... okay on input line 102.
LaTeX Font Info:    Overwriting math alphabet `\mathrm' in version `normal'
(Font)                  OT1/lmr/m/n --> TU/lmr/m/n on input line 102.
LaTeX Font Info:    Overwriting math alphabet `\mathit' in version `normal'
(Font)                  OT1/lmr/m/it --> TU/lmr/m/it on input line 102.
LaTeX Font Info:    Overwriting math alphabet `\mathbf' in version `normal'
(Font)                  OT1/lmr/bx/n --> TU/lmr/bx/n on input line 102.
LaTeX Font Info:    Overwriting math alphabet `\mathsf' in version `normal'
(Font)                  OT1/lmss/m/n --> TU/lmss/m/n on input line 102.
LaTeX Font Info:    Overwriting math alphabet `\mathsf' in version `bold'
(Font)                  OT1/lmss/bx/n --> TU/lmss/bx/n on input line 102.
LaTeX Font Info:    Overwriting math alphabet `\mathtt' in version `normal'
(Font)                  OT1/lmtt/m/n --> TU/lmtt/m/n on input line 102.
LaTeX Font Info:    Overwriting math alphabet `\mathtt' in version `bold'
(Font)                  OT1/lmtt/m/n --> TU/lmtt/bx/n on input line 102.

Package fontspec Info: latinmodern-math scale = 0.9999964596882403.


Package fontspec Info: latinmodern-math scale = 0.9999964596882403.


Package fontspec Info: latinmodern-math scale = 0.9999964596882403.


Package fontspec Info: Font family 'latinmodern-math.otf(0)' created for font
(fontspec)             'latinmodern-math.otf' with options
(fontspec)             [Scale=MatchLowercase,BoldItalicFont={},ItalicFont={},SmallCapsFont={},Script=Math,BoldFont={latinmodern-math.otf}].
(fontspec)              
(fontspec)              This font family consists of the following NFSS
(fontspec)             series/shapes:
(fontspec)              
(fontspec)             - 'normal' (m/n) with NFSS spec.:
(fontspec)             <->s*[0.9999964596882403]"[latinmodern-math.otf]/OT:script=math;language=dflt;"
(fontspec)             - 'small caps'  (m/sc) with NFSS spec.: 
(fontspec)             - 'bold' (b/n) with NFSS spec.:
(fontspec)             <->s*[0.9999964596882403]"[latinmodern-math.otf]/OT:script=math;language=dflt;"
(fontspec)             - 'bold small caps'  (b/sc) with NFSS spec.: 

LaTeX Font Info:    Font shape `TU/latinmodern-math.otf(0)/m/n' will be
(Font)              scaled to size 10.0pt on input line 102.

Package fontspec Info: latinmodern-math scale = 0.9999964596882403.


Package fontspec Info: latinmodern-math scale = 0.9999964596882403.


Package fontspec Info: latinmodern-math scale = 0.9999964596882403.


Package fontspec Info: latinmodern-math scale = 0.9999964596882403.


Package fontspec Info: latinmodern-math scale = 0.9999964596882403.


Package fontspec Info: Font family 'latinmodern-math.otf(1)' created for font
(fontspec)             'latinmodern-math.otf' with options
(fontspec)             [Scale=MatchLowercase,BoldItalicFont={},ItalicFont={},SmallCapsFont={},Script=Math,SizeFeatures={{Size=8.5-},{Size=6-8.5,Font=latinmodern-math.otf,Style=MathScript},{Size=-6,Font=latinmodern-math.otf,Style=MathScriptScript}},BoldFont={latinmodern-math.otf}].
(fontspec)              
(fontspec)              This font family consists of the following NFSS
(fontspec)             series/shapes:
(fontspec)              
(fontspec)             - 'normal' (m/n) with NFSS spec.:
(fontspec)             <8.5->s*[0.9999964596882403]"[latinmodern-math.otf]/OT:script=math;language=dflt;"<6-8.5>s*[0.9999964596882403]"[latinmodern-math.otf]/OT:script=math;language=dflt;+ssty=0;"<-6>s*[0.9999964596882403]"[latinmodern-math.otf]/OT:script=math;language=dflt;+ssty=1;"
(fontspec)             - 'small caps'  (m/sc) with NFSS spec.: 
(fontspec)             - 'bold' (b/n) with NFSS spec.:
(fontspec)             <->s*[0.9999964596882403]"[latinmodern-math.otf]/OT:script=math;language=dflt;"
(fontspec)             - 'bold small caps'  (b/sc) with NFSS spec.: 

LaTeX Font Info:    Font shape `TU/latinmodern-math.otf(1)/m/n' will be
(Font)              scaled to size 10.0pt on input line 102.
LaTeX Font Info:    Encoding `OT1' has changed to `TU' for symbol font
(Font)              `operators' in the math version `normal' on input line 102.
LaTeX Font Info:    Overwriting symbol font `operators' in version `normal'
(Font)                  OT1/lmr/m/n --> TU/latinmodern-math.otf(1)/m/n on input line 102.
LaTeX Font Info:    Encoding `OT1' has changed to `TU' for symbol font
(Font)              `operators' in the math version `bold' on input line 102.
LaTeX Font Info:    Overwriting symbol font `operators' in version `bold'
(Font)                  OT1/lmr/bx/n --> TU/latinmodern-math.otf(1)/b/n on input line 102.

Package fontspec Info: latinmodern-math scale = 0.9999964596882403.


Package fontspec Info: latinmodern-math scale = 1.000096459334209.


Package fontspec Info: latinmodern-math scale = 0.9999964596882403.


Package fontspec Info: latinmodern-math scale = 1.000096459334209.


Package fontspec Info: latinmodern-math scale = 0.9999964596882403.


Package fontspec Info: latinmodern-math scale = 1.000096459334209.


Package fontspec Info: latinmodern-math scale = 0.9999964596882403.


Package fontspec Info: latinmodern-math scale = 1.000096459334209.


Package fontspec Info: latinmodern-math scale = 0.9999964596882403.


Package fontspec Info: latinmodern-math scale = 1.000096459334209.


Package fontspec Info: Font family 'latinmodern-math.otf(2)' created for font
(fontspec)             'latinmodern-math.otf' with options
(fontspec)             [Scale=MatchLowercase,BoldItalicFont={},ItalicFont={},SmallCapsFont={},Script=Math,SizeFeatures={{Size=8.5-},{Size=6-8.5,Font=latinmodern-math.otf,Style=MathScript},{Size=-6,Font=latinmodern-math.otf,Style=MathScriptScript}},BoldFont={latinmodern-math.otf},ScaleAgain=1.0001,FontAdjustment={\fontdimen
(fontspec)             8\font =6.77pt\relax \fontdimen 9\font =3.94pt\relax
(fontspec)             \fontdimen 10\font =4.44pt\relax \fontdimen 11\font
(fontspec)             =6.86pt\relax \fontdimen 12\font =3.45pt\relax
(fontspec)             \fontdimen 13\font =3.63pt\relax \fontdimen 14\font
(fontspec)             =3.63pt\relax \fontdimen 15\font =2.89pt\relax
(fontspec)             \fontdimen 16\font =2.47pt\relax \fontdimen 17\font
(fontspec)             =2.47pt\relax \fontdimen 18\font =2.5pt\relax
(fontspec)             \fontdimen 19\font =2.0pt\relax \fontdimen 22\font
(fontspec)             =2.5pt\relax \fontdimen 20\font =0pt\relax \fontdimen
(fontspec)             21\font =0pt\relax }].
(fontspec)              
(fontspec)              This font family consists of the following NFSS
(fontspec)             series/shapes:
(fontspec)              
(fontspec)             - 'normal' (m/n) with NFSS spec.:
(fontspec)             <8.5->s*[1.000096459334209]"[latinmodern-math.otf]/OT:script=math;language=dflt;"<6-8.5>s*[1.000096459334209]"[latinmodern-math.otf]/OT:script=math;language=dflt;+ssty=0;"<-6>s*[1.000096459334209]"[latinmodern-math.otf]/OT:script=math;language=dflt;+ssty=1;"
(fontspec)             - 'small caps'  (m/sc) with NFSS spec.: 
(fontspec)             and font adjustment code:
(fontspec)             \fontdimen 8\font =6.77pt\relax \fontdimen 9\font
(fontspec)             =3.94pt\relax \fontdimen 10\font =4.44pt\relax
(fontspec)             \fontdimen 11\font =6.86pt\relax \fontdimen 12\font
(fontspec)             =3.45pt\relax \fontdimen 13\font =3.63pt\relax
(fontspec)             \fontdimen 14\font =3.63pt\relax \fontdimen 15\font
(fontspec)             =2.89pt\relax \fontdimen 16\font =2.47pt\relax
(fontspec)             \fontdimen 17\font =2.47pt\relax \fontdimen 18\font
(fontspec)             =2.5pt\relax \fontdimen 19\font =2.0pt\relax \fontdimen
(fontspec)             22\font =2.5pt\relax \fontdimen 20\font =0pt\relax
(fontspec)             \fontdimen 21\font =0pt\relax 
(fontspec)             - 'bold' (b/n) with NFSS spec.:
(fontspec)             <->s*[1.000096459334209]"[latinmodern-math.otf]/OT:script=math;language=dflt;"
(fontspec)             - 'bold small caps'  (b/sc) with NFSS spec.: 
(fontspec)             and font adjustment code:
(fontspec)             \fontdimen 8\font =6.77pt\relax \fontdimen 9\font
(fontspec)             =3.94pt\relax \fontdimen 10\font =4.44pt\relax
(fontspec)             \fontdimen 11\font =6.86pt\relax \fontdimen 12\font
(fontspec)             =3.45pt\relax \fontdimen 13\font =3.63pt\relax
(fontspec)             \fontdimen 14\font =3.63pt\relax \fontdimen 15\font
(fontspec)             =2.89pt\relax \fontdimen 16\font =2.47pt\relax
(fontspec)             \fontdimen 17\font =2.47pt\relax \fontdimen 18\font
(fontspec)             =2.5pt\relax \fontdimen 19\font =2.0pt\relax \fontdimen
(fontspec)             22\font =2.5pt\relax \fontdimen 20\font =0pt\relax
(fontspec)             \fontdimen 21\font =0pt\relax 

LaTeX Font Info:    Encoding `OMS' has changed to `TU' for symbol font
(Font)              `symbols' in the math version `normal' on input line 102.
LaTeX Font Info:    Overwriting symbol font `symbols' in version `normal'
(Font)                  OMS/lmsy/m/n --> TU/latinmodern-math.otf(2)/m/n on input line 102.
LaTeX Font Info:    Encoding `OMS' has changed to `TU' for symbol font
(Font)              `symbols' in the math version `bold' on input line 102.
LaTeX Font Info:    Overwriting symbol font `symbols' in version `bold'
(Font)                  OMS/lmsy/b/n --> TU/latinmodern-math.otf(2)/b/n on input line 102.

Package fontspec Info: latinmodern-math scale = 0.9999964596882403.


Package fontspec Info: latinmodern-math scale = 0.9998964600422715.


Package fontspec Info: latinmodern-math scale = 0.9999964596882403.


Package fontspec Info: latinmodern-math scale = 0.9998964600422715.


Package fontspec Info: latinmodern-math scale = 0.9999964596882403.


Package fontspec Info: latinmodern-math scale = 0.9998964600422715.


Package fontspec Info: latinmodern-math scale = 0.9999964596882403.


Package fontspec Info: latinmodern-math scale = 0.9998964600422715.


Package fontspec Info: latinmodern-math scale = 0.9999964596882403.


Package fontspec Info: latinmodern-math scale = 0.9998964600422715.


Package fontspec Info: Font family 'latinmodern-math.otf(3)' created for font
(fontspec)             'latinmodern-math.otf' with options
(fontspec)             [Scale=MatchLowercase,BoldItalicFont={},ItalicFont={},SmallCapsFont={},Script=Math,SizeFeatures={{Size=8.5-},{Size=6-8.5,Font=latinmodern-math.otf,Style=MathScript},{Size=-6,Font=latinmodern-math.otf,Style=MathScriptScript}},BoldFont={latinmodern-math.otf},ScaleAgain=0.9999,FontAdjustment={\fontdimen
(fontspec)             8\font =0.4pt\relax \fontdimen 9\font =2.0pt\relax
(fontspec)             \fontdimen 10\font =1.67pt\relax \fontdimen 11\font
(fontspec)             =1.11pt\relax \fontdimen 12\font =6.0pt\relax
(fontspec)             \fontdimen 13\font =0pt\relax }].
(fontspec)              
(fontspec)              This font family consists of the following NFSS
(fontspec)             series/shapes:
(fontspec)              
(fontspec)             - 'normal' (m/n) with NFSS spec.:
(fontspec)             <8.5->s*[0.9998964600422715]"[latinmodern-math.otf]/OT:script=math;language=dflt;"<6-8.5>s*[0.9998964600422715]"[latinmodern-math.otf]/OT:script=math;language=dflt;+ssty=0;"<-6>s*[0.9998964600422715]"[latinmodern-math.otf]/OT:script=math;language=dflt;+ssty=1;"
(fontspec)             - 'small caps'  (m/sc) with NFSS spec.: 
(fontspec)             and font adjustment code:
(fontspec)             \fontdimen 8\font =0.4pt\relax \fontdimen 9\font
(fontspec)             =2.0pt\relax \fontdimen 10\font =1.67pt\relax
(fontspec)             \fontdimen 11\font =1.11pt\relax \fontdimen 12\font
(fontspec)             =6.0pt\relax \fontdimen 13\font =0pt\relax 
(fontspec)             - 'bold' (b/n) with NFSS spec.:
(fontspec)             <->s*[0.9998964600422715]"[latinmodern-math.otf]/OT:script=math;language=dflt;"
(fontspec)             - 'bold small caps'  (b/sc) with NFSS spec.: 
(fontspec)             and font adjustment code:
(fontspec)             \fontdimen 8\font =0.4pt\relax \fontdimen 9\font
(fontspec)             =2.0pt\relax \fontdimen 10\font =1.67pt\relax
(fontspec)             \fontdimen 11\font =1.11pt\relax \fontdimen 12\font
(fontspec)             =6.0pt\relax \fontdimen 13\font =0pt\relax 

LaTeX Font Info:    Encoding `OMX' has changed to `TU' for symbol font
(Font)              `largesymbols' in the math version `normal' on input line 102.
LaTeX Font Info:    Overwriting symbol font `largesymbols' in version `normal'
(Font)                  OMX/lmex/m/n --> TU/latinmodern-math.otf(3)/m/n on input line 102.
LaTeX Font Info:    Encoding `OMX' has changed to `TU' for symbol font
(Font)              `largesymbols' in the math version `bold' on input line 102.
LaTeX Font Info:    Overwriting symbol font `largesymbols' in version `bold'
(Font)                  OMX/lmex/m/n --> TU/latinmodern-math.otf(3)/b/n on input line 102.
Package hyperref Info: Link coloring OFF on input line 102.
(./cogfoundations.out) (./cogfoundations.out)
\@outlinefile=\write3
\openout3 = `cogfoundations.out'.


Underfull \vbox (badness 10000) has occurred while \output is active []


Overfull \hbox (336.25pt too wide) has occurred while \output is active
[]
 []


Underfull \vbox (badness 10000) has occurred while \output is active []


Overfull \hbox (336.25pt too wide) has occurred while \output is active
[]
 []


Underfull \vbox (badness 10000) has occurred while \output is active []


Overfull \hbox (336.25pt too wide) has occurred while \output is active
[]
 []


Underfull \vbox (badness 10000) has occurred while \output is active []


Overfull \hbox (336.25pt too wide) has occurred while \output is active
[]
 []


Underfull \hbox (badness 10000) has occurred while \output is active
 [][][][] 
 []

[1


]
Underfull \vbox (badness 10000) has occurred while \output is active []


Overfull \hbox (336.25pt too wide) has occurred while \output is active
[]
 []


Underfull \vbox (badness 10000) has occurred while \output is active []


Overfull \hbox (336.25pt too wide) has occurred while \output is active
[]
 []


Underfull \vbox (badness 10000) has occurred while \output is active []


Overfull \hbox (336.25pt too wide) has occurred while \output is active
[]
 []


Underfull \vbox (badness 10000) has occurred while \output is active []


Overfull \hbox (336.25pt too wide) has occurred while \output is active
[]
 []


Underfull \hbox (badness 10000) has occurred while \output is active
 [][][][] 
 []

[2

]
Underfull \vbox (badness 10000) detected at line 107
 []


Overfull \hbox (336.25pt too wide) detected at line 107
[]
 []


Underfull \vbox (badness 10000) detected at line 107
 []


Overfull \hbox (336.25pt too wide) detected at line 107
[]
 []


Underfull \vbox (badness 10000) detected at line 107
 []


Overfull \hbox (336.25pt too wide) detected at line 107
[]
 []


Underfull \vbox (badness 10000) detected at line 107
 []


Overfull \hbox (336.25pt too wide) detected at line 107
[]
 []


Underfull \hbox (badness 10000) detected at line 107
[]
 []

(./cogfoundations.toc
LaTeX Font Info:    Font shape `TU/latinmodern-math.otf(1)/m/n' will be
(Font)              scaled to size 7.0pt on input line 5.
LaTeX Font Info:    Font shape `TU/latinmodern-math.otf(1)/m/n' will be
(Font)              scaled to size 5.0pt on input line 5.
LaTeX Font Info:    Trying to load font information for OML+lmm on input line 5.
(/Users/celestepilegard/Library/TinyTeX/texmf-dist/tex/latex/lm/omllmm.fd
File: omllmm.fd 2015/05/01 v1.6.1 Font defs for Latin Modern
)
LaTeX Font Info:    Font shape `TU/latinmodern-math.otf(2)/m/n' will be
(Font)              scaled to size 10.00092pt on input line 5.
LaTeX Font Info:    Font shape `TU/latinmodern-math.otf(2)/m/n' will be
(Font)              scaled to size 7.00064pt on input line 5.
LaTeX Font Info:    Font shape `TU/latinmodern-math.otf(2)/m/n' will be
(Font)              scaled to size 5.00046pt on input line 5.
LaTeX Font Info:    Font shape `TU/latinmodern-math.otf(3)/m/n' will be
(Font)              scaled to size 9.99893pt on input line 5.
LaTeX Font Info:    Font shape `TU/latinmodern-math.otf(3)/m/n' will be
(Font)              scaled to size 6.99925pt on input line 5.
LaTeX Font Info:    Font shape `TU/latinmodern-math.otf(3)/m/n' will be
(Font)              scaled to size 4.99947pt on input line 5.
LaTeX Font Info:    Trying to load font information for U+msa on input line 5.
(/Users/celestepilegard/Library/TinyTeX/texmf-dist/tex/latex/amsfonts/umsa.fd
File: umsa.fd 2013/01/14 v3.01 AMS symbols A
)
LaTeX Font Info:    Trying to load font information for U+msb on input line 5.
(/Users/celestepilegard/Library/TinyTeX/texmf-dist/tex/latex/amsfonts/umsb.fd
File: umsb.fd 2013/01/14 v3.01 AMS symbols B
)
Underfull \hbox (badness 10000) has occurred while \output is active
 [][][][] 
 []

[3])
\tf@toc=\write4
\openout4 = `cogfoundations.toc'.

[4]
Underfull \vbox (badness 10000) detected at line 110
 []


Overfull \hbox (336.25pt too wide) detected at line 110
[]
 []


Underfull \vbox (badness 10000) detected at line 110
 []


Overfull \hbox (336.25pt too wide) detected at line 110
[]
 []


Underfull \vbox (badness 10000) detected at line 110
 []


Overfull \hbox (336.25pt too wide) detected at line 110
[]
 []


Underfull \vbox (badness 10000) detected at line 110
 []


Overfull \hbox (336.25pt too wide) detected at line 110
[]
 []


Underfull \hbox (badness 10000) detected at line 110
[]
 []


Package hyperref Warning: bookmark level for unknown fm defaults to 0.

File: images/cover.png Graphic file (type bmp)
<images/cover.png>

Underfull \hbox (badness 10000) has occurred while \output is active
 [][][][] 
 []

[5


] [6] [7] [8] [9]
Underfull \hbox (badness 1748) in paragraph at lines 323--327
\TU/lmr/m/n/10 Wikipedia text is licensed under the Creative Commons Attribution-
 []


Underfull \hbox (badness 10000) in paragraph at lines 328--330

 []

[10] [11]
Underfull \hbox (badness 1275) in paragraph at lines 374--379
\TU/lmr/m/n/10 Source: Multiple authors. Memory. In Cognitive Psychology and Cog-
 []


Underfull \hbox (badness 1748) in paragraph at lines 396--398
\TU/lmr/m/n/10 Wikipedia text is licensed under the Creative Commons Attribution-
 []

[12] [13]
Underfull \vbox (badness 10000) has occurred while \output is active []


Overfull \hbox (336.25pt too wide) has occurred while \output is active
[]
 []


Underfull \vbox (badness 10000) has occurred while \output is active []


Overfull \hbox (336.25pt too wide) has occurred while \output is active
[]
 []


Underfull \vbox (badness 10000) has occurred while \output is active []


Overfull \hbox (336.25pt too wide) has occurred while \output is active
[]
 []


Underfull \vbox (badness 10000) has occurred while \output is active []


Overfull \hbox (336.25pt too wide) has occurred while \output is active
[]
 []


Underfull \hbox (badness 10000) has occurred while \output is active
 [][][][] 
 []

[14

]
Underfull \vbox (badness 10000) detected at line 434
 []


Overfull \hbox (336.25pt too wide) detected at line 434
[]
 []


Underfull \vbox (badness 10000) detected at line 434
 []


Overfull \hbox (336.25pt too wide) detected at line 434
[]
 []


Underfull \vbox (badness 10000) detected at line 434
 []


Overfull \hbox (336.25pt too wide) detected at line 434
[]
 []


Underfull \vbox (badness 10000) detected at line 434
 []


Overfull \hbox (336.25pt too wide) detected at line 434
[]
 []

Chapter 1.
File: images/ch1/lan2000.png Graphic file (type bmp)
<images/ch1/lan2000.png>

Underfull \hbox (badness 10000) detected at line 455
 [][]
 []


Underfull \hbox (badness 10000) detected at line 455
[][][]
 []


Underfull \hbox (badness 10000) detected at line 457
 [][]
 []


Underfull \hbox (badness 10000) detected at line 457
[][][]
 []


Underfull \hbox (badness 10000) detected at line 459
 [][]
 []


Underfull \hbox (badness 10000) detected at line 459
[][][]
 []


Underfull \hbox (badness 10000) detected at line 461
 [][]
 []


Underfull \hbox (badness 10000) detected at line 461
[][][]
 []


Underfull \hbox (badness 10000) detected at line 463
 [][]
 []


Underfull \hbox (badness 10000) detected at line 463
[][][]
 []


Underfull \hbox (badness 10000) has occurred while \output is active
 [][][][] 
 []

[15

]
File: images/ch1/pharoah.png Graphic file (type bmp)
<images/ch1/pharoah.png>
File: images/ch1/wundt.png Graphic file (type bmp)
<images/ch1/wundt.png>
[16] [17] [18]
File: images/ch1/laptop.png Graphic file (type bmp)
<images/ch1/laptop.png>
[19] [20] [21]
File: 01-intro_files/figure-latex/scatter-1.pdf Graphic file (type pdf)
<use 01-intro_files/figure-latex/scatter-1.pdf>
[22]
File: 01-intro_files/figure-latex/scatter2-1.pdf Graphic file (type pdf)
<use 01-intro_files/figure-latex/scatter2-1.pdf>
[23] [24]
File: images/ch1/love.png Graphic file (type bmp)
<images/ch1/love.png>
[25]
Underfull \hbox (badness 1478) in paragraph at lines 634--635
\TU/lmr/m/n/10 Even though there are serious limitations to correlational and quasi-
 []

[26]
Underfull \hbox (badness 10000) detected at line 658
 [][]
 []


Underfull \hbox (badness 10000) detected at line 658
[][][]
 []


Underfull \hbox (badness 10000) detected at line 660
 [][]
 []


Underfull \hbox (badness 10000) detected at line 660
[][][]
 []


Underfull \hbox (badness 10000) detected at line 662
 [][]
 []


Underfull \hbox (badness 10000) detected at line 662
[][][]
 []

[27] [28]
Underfull \vbox (badness 10000) detected at line 753
 []


Overfull \hbox (336.25pt too wide) detected at line 753
[]
 []


Underfull \vbox (badness 10000) detected at line 753
 []


Overfull \hbox (336.25pt too wide) detected at line 753
[]
 []


Underfull \vbox (badness 10000) detected at line 753
 []


Overfull \hbox (336.25pt too wide) detected at line 753
[]
 []


Underfull \vbox (badness 10000) detected at line 753
 []


Overfull \hbox (336.25pt too wide) detected at line 753
[]
 []

Chapter 2.
File: images/ch2/intro.png Graphic file (type bmp)
<images/ch2/intro.png>

Underfull \hbox (badness 10000) detected at line 767
 [][]
 []


Underfull \hbox (badness 10000) detected at line 767
[][][]
 []


Underfull \hbox (badness 10000) detected at line 769
 [][]
 []


Underfull \hbox (badness 10000) detected at line 769
[][][]
 []


Underfull \hbox (badness 10000) detected at line 771
 [][]
 []


Underfull \hbox (badness 10000) detected at line 771
[][][]
 []


Underfull \hbox (badness 10000) has occurred while \output is active
 [][][][] 
 []

[29


]
Underfull \hbox (badness 10000) detected at line 773
 [][]
 []


Underfull \hbox (badness 10000) detected at line 773
[][][]
 []

[30]
File: images/ch2/fig1.jpg Graphic file (type bmp)
<images/ch2/fig1.jpg>
[31]
File: images/ch2/fig2.jpg Graphic file (type bmp)
<images/ch2/fig2.jpg>
[32]
File: images/ch2/fig3.jpg Graphic file (type bmp)
<images/ch2/fig3.jpg>
[33]
File: images/ch2/depth1.jpg Graphic file (type bmp)
<images/ch2/depth1.jpg>
File: images/ch2/depth2.jpg Graphic file (type bmp)
<images/ch2/depth2.jpg>
File: images/ch2/depth3.jpg Graphic file (type bmp)
<images/ch2/depth3.jpg>
File: images/ch2/depth4.jpg Graphic file (type bmp)
<images/ch2/depth4.jpg>
File: images/ch2/depth5.jpg Graphic file (type bmp)
<images/ch2/depth5.jpg>
File: images/ch2/depth6.jpg Graphic file (type bmp)
<images/ch2/depth6.jpg>
[34] [35] [36]
File: images/ch2/gestalt1.jpg Graphic file (type bmp)
<images/ch2/gestalt1.jpg>
File: images/ch2/gestalt2.jpg Graphic file (type bmp)
<images/ch2/gestalt2.jpg>
File: images/ch2/gestalt3.jpg Graphic file (type bmp)
<images/ch2/gestalt3.jpg>
File: images/ch2/gestalt4.jpg Graphic file (type bmp)
<images/ch2/gestalt4.jpg>
File: images/ch2/gestalt5.jpg Graphic file (type bmp)
<images/ch2/gestalt5.jpg>
[37] [38]
File: images/ch2/qr.png Graphic file (type bmp)
<images/ch2/qr.png>

Underfull \hbox (badness 10000) in paragraph at lines 948--948
[]\TU/lmr/bx/n/10 FIGURE 2.4 []\TU/lmr/m/n/10 Watch The McGurk Effect [YouTube]:
 []

[39] [40]
File: images/ch2/fig4.jpg Graphic file (type bmp)
<images/ch2/fig4.jpg>
[41]
File: images/ch2/fig5.jpg Graphic file (type bmp)
<images/ch2/fig5.jpg>
File: images/ch2/fig7.jpg Graphic file (type bmp)
<images/ch2/fig7.jpg>
[42] [43] [44]
File: images/ch2/fig8.jpg Graphic file (type bmp)
<images/ch2/fig8.jpg>

Underfull \hbox (badness 10000) detected at line 1066
 [][]
 []


Underfull \hbox (badness 10000) detected at line 1066
[][][]
 []


Underfull \hbox (badness 10000) detected at line 1068
 [][]
 []


Underfull \hbox (badness 10000) detected at line 1068
[][][]
 []

[45] [46] [47] [48] [49]
Underfull \vbox (badness 10000) has occurred while \output is active []


Overfull \hbox (336.25pt too wide) has occurred while \output is active
[]
 []


Underfull \vbox (badness 10000) has occurred while \output is active []


Overfull \hbox (336.25pt too wide) has occurred while \output is active
[]
 []


Underfull \vbox (badness 10000) has occurred while \output is active []


Overfull \hbox (336.25pt too wide) has occurred while \output is active
[]
 []


Underfull \vbox (badness 10000) has occurred while \output is active []


Overfull \hbox (336.25pt too wide) has occurred while \output is active
[]
 []


Underfull \hbox (badness 10000) has occurred while \output is active
 [][][][] 
 []

[50

]
Underfull \vbox (badness 10000) detected at line 1249
 []


Overfull \hbox (336.25pt too wide) detected at line 1249
[]
 []


Underfull \vbox (badness 10000) detected at line 1249
 []


Overfull \hbox (336.25pt too wide) detected at line 1249
[]
 []


Underfull \vbox (badness 10000) detected at line 1249
 []


Overfull \hbox (336.25pt too wide) detected at line 1249
[]
 []


Underfull \vbox (badness 10000) detected at line 1249
 []


Overfull \hbox (336.25pt too wide) detected at line 1249
[]
 []

Chapter 3.
File: images/ch3/fig0.png Graphic file (type bmp)
<images/ch3/fig0.png>

Underfull \hbox (badness 10000) detected at line 1263
 [][]
 []


Underfull \hbox (badness 10000) detected at line 1263
[][][]
 []


Underfull \hbox (badness 10000) detected at line 1265
 [][]
 []


Underfull \hbox (badness 10000) detected at line 1265
[][][]
 []


Underfull \hbox (badness 10000) detected at line 1267
 [][]
 []


Underfull \hbox (badness 10000) detected at line 1267
[][][]
 []


Underfull \hbox (badness 10000) has occurred while \output is active
 [][][][] 
 []

[51

]
File: images/ch3/attentionsign.jpg Graphic file (type bmp)
<images/ch3/attentionsign.jpg>
[52] [53]
File: images/ch3/cocktailparty.jpg Graphic file (type bmp)
<images/ch3/cocktailparty.jpg>
[54]
File: images/ch3/fig3.png Graphic file (type bmp)
<images/ch3/fig3.png>
[55]
File: images/ch3/fig4.png Graphic file (type bmp)
<images/ch3/fig4.png>
[56]
File: images/ch3/fig5.png Graphic file (type bmp)
<images/ch3/fig5.png>
[57] [58]
File: images/ch3/stroop.png Graphic file (type bmp)
<images/ch3/stroop.png>
[59] [60] [61]
File: images/ch3/fig7.jpeg Graphic file (type bmp)
<images/ch3/fig7.jpeg>
[62] [63]
Underfull \hbox (badness 10000) detected at line 1496
 [][]
 []


Underfull \hbox (badness 10000) detected at line 1496
[][][]
 []


Underfull \hbox (badness 10000) detected at line 1498
 [][]
 []


Underfull \hbox (badness 10000) detected at line 1498
[][][]
 []


Underfull \hbox (badness 10000) detected at line 1500
 [][]
 []


Underfull \hbox (badness 10000) detected at line 1500
[][][]
 []

[64] [65]
Underfull \vbox (badness 10000) has occurred while \output is active []


Overfull \hbox (336.25pt too wide) has occurred while \output is active
[]
 []


Underfull \vbox (badness 10000) has occurred while \output is active []


Overfull \hbox (336.25pt too wide) has occurred while \output is active
[]
 []


Underfull \vbox (badness 10000) has occurred while \output is active []


Overfull \hbox (336.25pt too wide) has occurred while \output is active
[]
 []


Underfull \vbox (badness 10000) has occurred while \output is active []


Overfull \hbox (336.25pt too wide) has occurred while \output is active
[]
 []


Underfull \hbox (badness 10000) has occurred while \output is active
 [][][][] 
 []

[66

]
Underfull \vbox (badness 10000) detected at line 1567
 []


Overfull \hbox (336.25pt too wide) detected at line 1567
[]
 []


Underfull \vbox (badness 10000) detected at line 1567
 []


Overfull \hbox (336.25pt too wide) detected at line 1567
[]
 []


Underfull \vbox (badness 10000) detected at line 1567
 []


Overfull \hbox (336.25pt too wide) detected at line 1567
[]
 []


Underfull \vbox (badness 10000) detected at line 1567
 []


Overfull \hbox (336.25pt too wide) detected at line 1567
[]
 []

Chapter 4.
File: images/ch4/fig0.png Graphic file (type bmp)
<images/ch4/fig0.png>

Underfull \hbox (badness 10000) detected at line 1579
 [][]
 []


Underfull \hbox (badness 10000) detected at line 1579
[][][]
 []


Underfull \hbox (badness 10000) detected at line 1581
 [][]
 []


Underfull \hbox (badness 10000) detected at line 1581
[][][]
 []


Underfull \hbox (badness 10000) has occurred while \output is active
 [][][][] 
 []

[67

]
File: images/ch4/fig1.png Graphic file (type bmp)
<images/ch4/fig1.png>

LaTeX Warning: Reference `fig:fig1' on page 68 undefined on input line 1603.

[68] [69]
File: images/ch4/fig2.png Graphic file (type bmp)
<images/ch4/fig2.png>
[70] [71]
File: images/ch4/fig3.png Graphic file (type bmp)
<images/ch4/fig3.png>
[72]
Underfull \hbox (badness 10000) detected at line 1696
 [][]
 []


Underfull \hbox (badness 10000) detected at line 1696
[][][]
 []


Underfull \hbox (badness 10000) detected at line 1698
 [][]
 []


Underfull \hbox (badness 10000) detected at line 1698
[][][]
 []

[73]
Underfull \vbox (badness 10000) has occurred while \output is active []


Overfull \hbox (336.25pt too wide) has occurred while \output is active
[]
 []


Underfull \vbox (badness 10000) has occurred while \output is active []


Overfull \hbox (336.25pt too wide) has occurred while \output is active
[]
 []


Underfull \vbox (badness 10000) has occurred while \output is active []


Overfull \hbox (336.25pt too wide) has occurred while \output is active
[]
 []


Underfull \vbox (badness 10000) has occurred while \output is active []


Overfull \hbox (336.25pt too wide) has occurred while \output is active
[]
 []


Underfull \hbox (badness 10000) has occurred while \output is active
 [][][][] 
 []

[74

]
Underfull \vbox (badness 10000) detected at line 1705
 []


Overfull \hbox (336.25pt too wide) detected at line 1705
[]
 []


Underfull \vbox (badness 10000) detected at line 1705
 []


Overfull \hbox (336.25pt too wide) detected at line 1705
[]
 []


Underfull \vbox (badness 10000) detected at line 1705
 []


Overfull \hbox (336.25pt too wide) detected at line 1705
[]
 []


Underfull \vbox (badness 10000) detected at line 1705
 []


Overfull \hbox (336.25pt too wide) detected at line 1705
[]
 []

Chapter 5.
File: images/ch5/fig0.png Graphic file (type bmp)
<images/ch5/fig0.png>

Underfull \hbox (badness 10000) detected at line 1717
 [][]
 []


Underfull \hbox (badness 10000) detected at line 1717
[][][]
 []


Underfull \hbox (badness 10000) detected at line 1719
 [][]
 []


Underfull \hbox (badness 10000) detected at line 1719
[][][]
 []


Underfull \hbox (badness 10000) has occurred while \output is active
 [][][][] 
 []

[75

]
File: images/ch5/fig1.jpg Graphic file (type bmp)
<images/ch5/fig1.jpg>
[76]
Underfull \hbox (badness 1789) in paragraph at lines 1776--1785
\TU/lmr/m/n/10 of differences between brains and computers shown here. You might
 []

[77]
File: images/ch5/fig2.jpg Graphic file (type bmp)
<images/ch5/fig2.jpg>
[78] [79]
Underfull \hbox (badness 10000) detected at line 1832
 [][]
 []


Underfull \hbox (badness 10000) detected at line 1832
[][][]
 []


Underfull \hbox (badness 10000) detected at line 1834
 [][]
 []


Underfull \hbox (badness 10000) detected at line 1834
[][][]
 []


Underfull \hbox (badness 10000) detected at line 1836
 [][]
 []


Underfull \hbox (badness 10000) detected at line 1836
[][][]
 []


Underfull \hbox (badness 10000) detected at line 1838
 [][]
 []


Underfull \hbox (badness 10000) detected at line 1838
[][][]
 []

[80]
File: images/ch5/fig3.png Graphic file (type bmp)
<images/ch5/fig3.png>
[81]
File: images/ch5/fig4.png Graphic file (type bmp)
<images/ch5/fig4.png>
[82] [83] [84]
File: images/ch5/fig5.png Graphic file (type bmp)
<images/ch5/fig5.png>
File: images/ch5/fig6.png Graphic file (type bmp)
<images/ch5/fig6.png>
[85] [86] [87]
Underfull \hbox (badness 10000) detected at line 1989
 [][]
 []


Underfull \hbox (badness 10000) detected at line 1989
[][][]
 []


Underfull \hbox (badness 10000) detected at line 1991
 [][]
 []


Underfull \hbox (badness 10000) detected at line 1991
[][][]
 []

[88] [89]
Underfull \vbox (badness 10000) has occurred while \output is active []


Overfull \hbox (336.25pt too wide) has occurred while \output is active
[]
 []


Underfull \vbox (badness 10000) has occurred while \output is active []


Overfull \hbox (336.25pt too wide) has occurred while \output is active
[]
 []


Underfull \vbox (badness 10000) has occurred while \output is active []


Overfull \hbox (336.25pt too wide) has occurred while \output is active
[]
 []


Underfull \vbox (badness 10000) has occurred while \output is active []


Overfull \hbox (336.25pt too wide) has occurred while \output is active
[]
 []


Underfull \hbox (badness 10000) has occurred while \output is active
 [][][][] 
 []

[90

]
Underfull \vbox (badness 10000) detected at line 2066
 []


Overfull \hbox (336.25pt too wide) detected at line 2066
[]
 []


Underfull \vbox (badness 10000) detected at line 2066
 []


Overfull \hbox (336.25pt too wide) detected at line 2066
[]
 []


Underfull \vbox (badness 10000) detected at line 2066
 []


Overfull \hbox (336.25pt too wide) detected at line 2066
[]
 []


Underfull \vbox (badness 10000) detected at line 2066
 []


Overfull \hbox (336.25pt too wide) detected at line 2066
[]
 []

Chapter 6.
File: images/ch6/fig0.png Graphic file (type bmp)
<images/ch6/fig0.png>

Underfull \hbox (badness 10000) detected at line 2083
 [][]
 []


Underfull \hbox (badness 10000) detected at line 2083
[][][]
 []


Underfull \hbox (badness 10000) detected at line 2085
 [][]
 []


Underfull \hbox (badness 10000) detected at line 2085
[][][]
 []


Underfull \hbox (badness 10000) has occurred while \output is active
 [][][][] 
 []

[91

]
File: images/ch6/fig1.png Graphic file (type bmp)
<images/ch6/fig1.png>
[92] [93] [94] [95] [96]
File: images/ch6/fig2.png Graphic file (type bmp)
<images/ch6/fig2.png>
[97] [98] [99] [100]
File: images/ch6/fig3.png Graphic file (type bmp)
<images/ch6/fig3.png>
[101]
File: images/ch6/fig4.png Graphic file (type bmp)
<images/ch6/fig4.png>

Underfull \hbox (badness 10000) detected at line 2237
 [][]
 []


Underfull \hbox (badness 10000) detected at line 2237
[][][]
 []


Underfull \hbox (badness 10000) detected at line 2239
 [][]
 []


Underfull \hbox (badness 10000) detected at line 2239
[][][]
 []

[102] [103]
Underfull \vbox (badness 10000) has occurred while \output is active []


Overfull \hbox (336.25pt too wide) has occurred while \output is active
[]
 []


Underfull \vbox (badness 10000) has occurred while \output is active []


Overfull \hbox (336.25pt too wide) has occurred while \output is active
[]
 []


Underfull \vbox (badness 10000) has occurred while \output is active []


Overfull \hbox (336.25pt too wide) has occurred while \output is active
[]
 []


Underfull \vbox (badness 10000) has occurred while \output is active []


Overfull \hbox (336.25pt too wide) has occurred while \output is active
[]
 []


Underfull \hbox (badness 10000) has occurred while \output is active
 [][][][] 
 []

[104

]
Underfull \vbox (badness 10000) detected at line 2264
 []


Overfull \hbox (336.25pt too wide) detected at line 2264
[]
 []


Underfull \vbox (badness 10000) detected at line 2264
 []


Overfull \hbox (336.25pt too wide) detected at line 2264
[]
 []


Underfull \vbox (badness 10000) detected at line 2264
 []


Overfull \hbox (336.25pt too wide) detected at line 2264
[]
 []


Underfull \vbox (badness 10000) detected at line 2264
 []


Overfull \hbox (336.25pt too wide) detected at line 2264
[]
 []

Chapter 7.
File: images/ch7/fig1.png Graphic file (type bmp)
<images/ch7/fig1.png>
File: images/ch7/fig1.png Graphic file (type bmp)
<images/ch7/fig1.png>

Underfull \hbox (badness 10000) has occurred while \output is active
 [][][][] 
 []

[105

] [106]
Underfull \hbox (badness 10000) detected at line 2300
 [][]
 []


Underfull \hbox (badness 10000) detected at line 2300
[][][]
 []


Underfull \hbox (badness 10000) detected at line 2302
 [][]
 []


Underfull \hbox (badness 10000) detected at line 2302
[][][]
 []

File: images/ch7/fig2.jpg Graphic file (type bmp)
<images/ch7/fig2.jpg>
[107]
File: images/ch7/table1.jpg Graphic file (type bmp)
<images/ch7/table1.jpg>
[108]
File: images/ch7/textbox1.jpg Graphic file (type bmp)
<images/ch7/textbox1.jpg>
[109]
File: images/ch7/fig3.jpg Graphic file (type bmp)
<images/ch7/fig3.jpg>
[110]
File: images/ch7/fig4.jpg Graphic file (type bmp)
<images/ch7/fig4.jpg>
[111] [112] [113]
File: images/ch7/fig5.jpg Graphic file (type bmp)
<images/ch7/fig5.jpg>
[114]
Underfull \hbox (badness 10000) detected at line 2446
 [][]
 []


Underfull \hbox (badness 10000) detected at line 2446
[][][]
 []


Underfull \hbox (badness 10000) detected at line 2448
 [][]
 []


Underfull \hbox (badness 10000) detected at line 2448
[][][]
 []

[115]
Underfull \vbox (badness 10000) has occurred while \output is active []


Overfull \hbox (336.25pt too wide) has occurred while \output is active
[]
 []


Underfull \vbox (badness 10000) has occurred while \output is active []


Overfull \hbox (336.25pt too wide) has occurred while \output is active
[]
 []


Underfull \vbox (badness 10000) has occurred while \output is active []


Overfull \hbox (336.25pt too wide) has occurred while \output is active
[]
 []


Underfull \vbox (badness 10000) has occurred while \output is active []


Overfull \hbox (336.25pt too wide) has occurred while \output is active
[]
 []


Underfull \hbox (badness 10000) has occurred while \output is active
 [][][][] 
 []

[116

]
Underfull \vbox (badness 10000) detected at line 2455
 []


Overfull \hbox (336.25pt too wide) detected at line 2455
[]
 []


Underfull \vbox (badness 10000) detected at line 2455
 []


Overfull \hbox (336.25pt too wide) detected at line 2455
[]
 []


Underfull \vbox (badness 10000) detected at line 2455
 []


Overfull \hbox (336.25pt too wide) detected at line 2455
[]
 []


Underfull \vbox (badness 10000) detected at line 2455
 []


Overfull \hbox (336.25pt too wide) detected at line 2455
[]
 []

Chapter 8.
File: images/ch8/fig1.png Graphic file (type bmp)
<images/ch8/fig1.png>

Underfull \hbox (badness 10000) detected at line 2471
 [][]
 []


Underfull \hbox (badness 10000) detected at line 2471
[][][]
 []


Underfull \hbox (badness 10000) has occurred while \output is active
 [][][][] 
 []

[117

]
Underfull \hbox (badness 10000) detected at line 2473
 [][]
 []


Underfull \hbox (badness 10000) detected at line 2473
[][][]
 []

[118]
File: images/ch8/qr.png Graphic file (type bmp)
<images/ch8/qr.png>

Overfull \hbox (56.30226pt too wide) in paragraph at lines 2494--2494
[]\TU/lmr/bx/n/10 FIGURE 8.1 [] \TU/lmr/m/n/10 HYPERLINK http://www.youtube.com/watch?v=2Dhc2zePJFEWatch:
 []


Underfull \hbox (badness 10000) in paragraph at lines 2494--2494
\TU/lmr/m/n/10 Kanzi and Novel Sentences [YouTube]:
 []

[119] [120] [121]
File: images/ch8/model_of_language_draft.jpg Graphic file (type bmp)
<images/ch8/model_of_language_draft.jpg>
[122] [123]
File: images/ch8/tuning_into_speech_sounds.png Graphic file (type bmp)
<images/ch8/tuning_into_speech_sounds.png>

Overfull \hbox (32.29108pt too wide) in paragraph at lines 2580--2581
[]\TU/lmr/m/n/10 [[]([]$[][][][][] []
 []

[124]
File: images/ch8/fig2.png Graphic file (type bmp)
<images/ch8/fig2.png>
[125] [126] [127] [128] [129] [130]
File: images/ch8/fig3.jpg Graphic file (type bmp)
<images/ch8/fig3.jpg>
[131]
Underfull \hbox (badness 10000) detected at line 2730
 [][]
 []


Underfull \hbox (badness 10000) detected at line 2730
[][][]
 []


Underfull \hbox (badness 10000) detected at line 2732
 [][]
 []


Underfull \hbox (badness 10000) detected at line 2732
[][][]
 []

[132] [133] [134]
Underfull \vbox (badness 10000) detected at line 2821
 []


Overfull \hbox (336.25pt too wide) detected at line 2821
[]
 []


Underfull \vbox (badness 10000) detected at line 2821
 []


Overfull \hbox (336.25pt too wide) detected at line 2821
[]
 []


Underfull \vbox (badness 10000) detected at line 2821
 []


Overfull \hbox (336.25pt too wide) detected at line 2821
[]
 []


Underfull \vbox (badness 10000) detected at line 2821
 []


Overfull \hbox (336.25pt too wide) detected at line 2821
[]
 []

Chapter 9.
File: images/ch9/fig0.png Graphic file (type bmp)
<images/ch9/fig0.png>

Underfull \hbox (badness 10000) has occurred while \output is active
 [][][][] 
 []

[135


]
Underfull \hbox (badness 10000) detected at line 2852
 [][]
 []


Underfull \hbox (badness 10000) detected at line 2852
[][][]
 []


Underfull \hbox (badness 10000) detected at line 2854
 [][]
 []


Underfull \hbox (badness 10000) detected at line 2854
[][][]
 []


Underfull \hbox (badness 10000) detected at line 2863
 [][]
 []


Underfull \hbox (badness 10000) detected at line 2863
[][][]
 []


Underfull \hbox (badness 10000) detected at line 2865
 [][]
 []


Underfull \hbox (badness 10000) detected at line 2865
[][][]
 []

[136]
File: images/ch9/fig1.jpg Graphic file (type bmp)
<images/ch9/fig1.jpg>
[137] [138] [139] [140]
File: images/ch9/fig2.png Graphic file (type bmp)
<images/ch9/fig2.png>
File: images/ch9/fig3.png Graphic file (type bmp)
<images/ch9/fig3.png>
[141] [142]
File: images/ch9/fig4.jpg Graphic file (type bmp)
<images/ch9/fig4.jpg>
[143] [144]
File: images/ch9/fig5.png Graphic file (type bmp)
<images/ch9/fig5.png>
[145]
File: images/ch9/fig6.png Graphic file (type bmp)
<images/ch9/fig6.png>
[146] [147] [148]
File: images/ch9/fig7.png Graphic file (type bmp)
<images/ch9/fig7.png>
[149] [150]
Underfull \hbox (badness 10000) detected at line 3247
 [][]
 []


Underfull \hbox (badness 10000) detected at line 3247
[][][]
 []


Underfull \hbox (badness 10000) detected at line 3249
 [][]
 []


Underfull \hbox (badness 10000) detected at line 3249
[][][]
 []

[151]
Underfull \vbox (badness 10000) has occurred while \output is active []


Overfull \hbox (336.25pt too wide) has occurred while \output is active
[]
 []


Underfull \vbox (badness 10000) has occurred while \output is active []


Overfull \hbox (336.25pt too wide) has occurred while \output is active
[]
 []


Underfull \vbox (badness 10000) has occurred while \output is active []


Overfull \hbox (336.25pt too wide) has occurred while \output is active
[]
 []


Underfull \vbox (badness 10000) has occurred while \output is active []


Overfull \hbox (336.25pt too wide) has occurred while \output is active
[]
 []


Underfull \hbox (badness 10000) has occurred while \output is active
 [][][][] 
 []

[152

]
Underfull \vbox (badness 10000) detected at line 3262
 []


Overfull \hbox (336.25pt too wide) detected at line 3262
[]
 []


Underfull \vbox (badness 10000) detected at line 3262
 []


Overfull \hbox (336.25pt too wide) detected at line 3262
[]
 []


Underfull \vbox (badness 10000) detected at line 3262
 []


Overfull \hbox (336.25pt too wide) detected at line 3262
[]
 []


Underfull \vbox (badness 10000) detected at line 3262
 []


Overfull \hbox (336.25pt too wide) detected at line 3262
[]
 []

Chapter 10.
File: images/ch10/fig0.png Graphic file (type bmp)
<images/ch10/fig0.png>

Underfull \hbox (badness 10000) has occurred while \output is active
 [][][][] 
 []

[153

] [154]
Underfull \hbox (badness 10000) detected at line 3314
 [][]
 []


Underfull \hbox (badness 10000) detected at line 3314
[][][]
 []


Underfull \hbox (badness 10000) detected at line 3316
 [][]
 []


Underfull \hbox (badness 10000) detected at line 3316
[][][]
 []

[155] [156]
File: images/ch10/fig1.png Graphic file (type bmp)
<images/ch10/fig1.png>
[157]
File: images/ch10/fig2.png Graphic file (type bmp)
<images/ch10/fig2.png>
File: images/ch10/fig3.png Graphic file (type bmp)
<images/ch10/fig3.png>
File: images/ch10/fig4.png Graphic file (type bmp)
<images/ch10/fig4.png>
[158] [159] [160]
Underfull \hbox (badness 10000) detected at line 3451
 [][]
 []


Underfull \hbox (badness 10000) detected at line 3451
[][][]
 []

[161]
Underfull \hbox (badness 10000) detected at line 3453
 [][]
 []


Underfull \hbox (badness 10000) detected at line 3453
[][][]
 []


Underfull \hbox (badness 10000) detected at line 3455
 [][]
 []


Underfull \hbox (badness 10000) detected at line 3455
[][][]
 []


Underfull \hbox (badness 10000) detected at line 3476
 [][]
 []


Underfull \hbox (badness 10000) detected at line 3476
[][][]
 []

[162]
Underfull \hbox (badness 10000) detected at line 3478
 [][]
 []


Underfull \hbox (badness 10000) detected at line 3478
[][][]
 []


Underfull \hbox (badness 10000) detected at line 3480
 [][]
 []


Underfull \hbox (badness 10000) detected at line 3480
[][][]
 []

[163]
Underfull \hbox (badness 10000) detected at line 3523
 [][]
 []


Underfull \hbox (badness 10000) detected at line 3523
[][][]
 []


Underfull \hbox (badness 10000) detected at line 3525
 [][]
 []


Underfull \hbox (badness 10000) detected at line 3525
[][][]
 []

[164] [165] [166] [167] [168] [169] [170] [171] [172] [173]
Underfull \hbox (badness 10000) in paragraph at lines 4043--4045
[]\TU/lmr/m/n/10 Quinn, P. O., & Madhoo, M. (2014). A review of attention-
 []


Underfull \hbox (badness 2173) in paragraph at lines 4043--4045
\TU/lmr/m/n/10 deficit/hyperactivity disorder in women and girls: Uncovering this
 []

[174]
Underfull \hbox (badness 10000) in paragraph at lines 4091--4093
[]\TU/lmr/m/n/10 Sekuler, R., & Blake, R. (2006). \TU/lmr/m/it/10 Perception\TU/lmr/m/n/10 . McGraw-Hill
 []


Underfull \hbox (badness 10000) in paragraph at lines 4091--4093
\TU/lmr/m/n/10 Companies,Incorporated. []$[][][][][] [] [] [] [][][][][] [] [][][][][][] [] [][][] [] [][][][][] [] [][] []
 []

[175] [176] [177] (./cogfoundations.aux)

LaTeX Warning: There were undefined references.

Package rerunfilecheck Info: File `cogfoundations.out' has not changed.
(rerunfilecheck)             Checksum: 9EB027CA567511708769180C33BF2F95;6811.
 ) 
Here is how much of TeX's memory you used:
 18590 strings out of 478674
 352492 string characters out of 5847138
 1861296 words of memory out of 5000000
 38447 multiletter control sequences out of 15000+600000
 515848 words of font info for 67 fonts, out of 8000000 for 9000
 14 hyphenation exceptions out of 8191
 86i,8n,121p,1876b,437s stack positions out of 10000i,1000n,20000p,200000b,200000s

Output written on cogfoundations.pdf (177 pages).
